Iteration:  1
-0.04    	    -0.04    	    0.76    	    1.0    	   
-0.04    	    0.0    	    -0.04    	    -1.0    	   
-0.04    	    -0.04    	    -0.04    	    -0.04    	   


Iteration:  2
-0.08    	    0.56    	    0.832    	    1.0    	   
-0.08    	    0.0    	    0.464    	    -1.0    	   
-0.08    	    -0.08    	    -0.08    	    -0.08    	   


Iteration:  3
0.392    	    0.738    	    0.89    	    1.0    	   
-0.12    	    0.0    	    0.572    	    -1.0    	   
-0.12    	    -0.12    	    0.315    	    -0.12    	   


Iteration:  4
0.578    	    0.82    	    0.906    	    1.0    	   
0.25    	    0.0    	    0.629    	    -1.0    	   
-0.16    	    0.188    	    0.394    	    0.1    	   


Iteration:  5
0.699    	    0.849    	    0.913    	    1.0    	   
0.472    	    0.0    	    0.648    	    -1.0    	   
0.163    	    0.313    	    0.492    	    0.185    	   


Iteration:  6
0.756    	    0.86    	    0.916    	    1.0    	   
0.614    	    0.0    	    0.655    	    -1.0    	   
0.385    	    0.416    	    0.528    	    0.272    	   


Iteration:  7
0.785    	    0.865    	    0.917    	    1.0    	   
0.688    	    0.0    	    0.658    	    -1.0    	   
0.531    	    0.466    	    0.553    	    0.31    	   


Iteration:  8
0.799    	    0.867    	    0.917    	    1.0    	   
0.726    	    0.0    	    0.659    	    -1.0    	   
0.61    	    0.496    	    0.564    	    0.333    	   


Iteration:  9
0.806    	    0.867    	    0.918    	    1.0    	   
0.744    	    0.0    	    0.659    	    -1.0    	   
0.651    	    0.547    	    0.57    	    0.344    	   


Iteration:  10
0.809    	    0.868    	    0.918    	    1.0    	   
0.754    	    0.0    	    0.66    	    -1.0    	   
0.675    	    0.59    	    0.576    	    0.35    	   


Iteration:  11
0.811    	    0.868    	    0.918    	    1.0    	   
0.758    	    0.0    	    0.66    	    -1.0    	   
0.69    	    0.618    	    0.582    	    0.356    	   


Iteration:  12
0.811    	    0.868    	    0.918    	    1.0    	   
0.76    	    0.0    	    0.66    	    -1.0    	   
0.697    	    0.636    	    0.585    	    0.361    	   


Iteration:  13
0.812    	    0.868    	    0.918    	    1.0    	   
0.761    	    0.0    	    0.66    	    -1.0    	   
0.701    	    0.645    	    0.593    	    0.364    	   


Iteration:  14
0.812    	    0.868    	    0.918    	    1.0    	   
0.762    	    0.0    	    0.66    	    -1.0    	   
0.703    	    0.65    	    0.601    	    0.371    	   


Iteration:  15
0.812    	    0.868    	    0.918    	    1.0    	   
0.762    	    0.0    	    0.66    	    -1.0    	   
0.705    	    0.652    	    0.606    	    0.378    	   


Iteration:  16
0.812    	    0.868    	    0.918    	    1.0    	   
0.762    	    0.0    	    0.66    	    -1.0    	   
0.705    	    0.654    	    0.608    	    0.383    	   


Iteration:  17
0.812    	    0.868    	    0.918    	    1.0    	   
0.762    	    0.0    	    0.66    	    -1.0    	   
0.706    	    0.655    	    0.61    	    0.385    	   


POLICY : 
E   E   E   -  
N   -   N   -  
N   W   N   W  

